<?xml version="1.0" encoding="UTF-8"?>
<!-- Generated by org.testng.reporters.JUnitXMLReporter -->
<testsuite ignored="0" hostname="DESKTOP-IOQ7J5S" failures="0" tests="2" name="Default test" time="26.168" errors="0" timestamp="2024-06-22T00:14:05 IST">
  <testcase classname="testcases.WorkerTestCases" name="verificationOfTitleDropDownfromtheCreateWorkersubpage" time="7.14"/>
  <testcase classname="testcases.WorkerTestCases" name="verifytheTextofSearchButtonInWorkersPage" time="4.588"/>
</testsuite> <!-- Default test -->
